<?xml version="1.0" encoding="UTF-8"?>
<testng-results ignored="0" total="1" passed="1" failed="0" skipped="0">
  <reporter-output>
  </reporter-output>
  <suite started-at="2025-12-02T16:38:35 IST" name="Suite" finished-at="2025-12-02T16:39:11 IST" duration-ms="35888">
    <groups>
    </groups>
    <test started-at="2025-12-02T16:38:35 IST" name="Test" finished-at="2025-12-02T16:39:11 IST" duration-ms="35888">
      <class name="assignment.Filpkart">
        <test-method is-config="true" signature="link()[pri:0, instance:assignment.Filpkart@3c9754d8]" started-at="2025-12-02T16:38:35 IST" name="link" finished-at="2025-12-02T16:38:46 IST" duration-ms="11546" status="PASS">
          <reporter-output>
          </reporter-output>
        </test-method> <!-- link -->
        <test-method signature="run()[pri:0, instance:assignment.Filpkart@3c9754d8]" started-at="2025-12-02T16:38:46 IST" name="run" finished-at="2025-12-02T16:39:08 IST" duration-ms="21979" status="PASS">
          <reporter-output>
          </reporter-output>
        </test-method> <!-- run -->
        <test-method is-config="true" signature="afc()[pri:0, instance:assignment.Filpkart@3c9754d8]" started-at="2025-12-02T16:39:09 IST" name="afc" finished-at="2025-12-02T16:39:11 IST" duration-ms="2229" status="PASS">
          <reporter-output>
          </reporter-output>
        </test-method> <!-- afc -->
      </class> <!-- assignment.Filpkart -->
    </test> <!-- Test -->
  </suite> <!-- Suite -->
</testng-results>
